TN:
SF:LogParser.ts
FN:1,(anonymous_0)
FN:6,(anonymous_1)
FN:21,(anonymous_2)
FN:22,(anonymous_3)
FN:25,(anonymous_4)
FN:26,(anonymous_5)
FN:27,(anonymous_6)
FNF:7
FNH:7
FNDA:1,(anonymous_0)
FNDA:23,(anonymous_1)
FNDA:1,(anonymous_2)
FNDA:23,(anonymous_3)
FNDA:1,(anonymous_4)
FNDA:54,(anonymous_5)
FNDA:25,(anonymous_6)
DA:1,1
DA:2,1
DA:3,1
DA:4,1
DA:7,23
DA:8,23
DA:11,23
DA:13,22
DA:14,22
DA:16,22
DA:17,22
DA:18,22
DA:22,23
DA:26,54
DA:27,25
DA:29,1
LF:16
LH:16
BRDA:11,0,0,1
BRDA:11,1,0,23
BRDA:11,1,1,23
BRDA:17,2,0,22
BRDA:17,2,1,11
BRDA:18,3,0,22
BRDA:18,3,1,21
BRF:7
BRH:7
end_of_record
